#
# A fatal error has been detected by the Java Runtime Environment:
#
#  EXCEPTION_ACCESS_VIOLATION (0xc0000005) at pc=0x00007ffaef20eeda, pid=1928, tid=13728
#
# JRE version: OpenJDK Runtime Environment Temurin-17.0.7+7 (17.0.7+7) (build 17.0.7+7)
# Java VM: OpenJDK 64-Bit Server VM Temurin-17.0.7+7 (17.0.7+7, mixed mode, tiered, compressed oops, compressed class ptrs, g1 gc, windows-amd64)
# Problematic frame:
# V  [jvm.dll+0x74eeda]
#
# No core dump will be written. Minidumps are not enabled by default on client versions of Windows
#
# If you would like to submit a bug report, please visit:
#   https://github.com/adoptium/adoptium-support/issues
#

---------------  S U M M A R Y ------------

Command Line: -Dfile.encoding=UTF-8 -XX:+ShowCodeDetailsInExceptionMessages cucumber.api.cli.Main C:/Users/dell/eclipse-workspace1/Armorcode/src/test/resource/Feature/Findingscreen.feature --glue classpath: --plugin pretty --monochrome

Host: Intel(R) Core(TM) i7-8650U CPU @ 1.90GHz, 8 cores, 15G,  Windows 10 , 64 bit Build 19041 (10.0.19041.3155)
Time: Wed Aug  2 12:15:11 2023 India Standard Time elapsed time: 35.048729 seconds (0d 0h 0m 35s)

---------------  T H R E A D  ---------------

Current thread (0x0000016345f85fd0):  JavaThread "Forwarding actions on session 4454c8daed55487b3156bdf49b21a17f to remote" [_thread_in_vm, id=13728, stack(0x0000003d4fe00000,0x0000003d4ff00000)]

Stack: [0x0000003d4fe00000,0x0000003d4ff00000],  sp=0x0000003d4fefb640,  free space=1005k
Native frames: (J=compiled Java code, j=interpreted, Vv=VM code, C=native code)
V  [jvm.dll+0x74eeda]
V  [jvm.dll+0x6c0c49]
V  [jvm.dll+0x40d61a]
V  [jvm.dll+0x418c6d]
C  0x0000016350b6d621

Java frames: (J=compiled Java code, j=interpreted, Vv=VM code)
j  java.lang.Class.getDeclaredMethods0(Z)[Ljava/lang/reflect/Method;+0 java.base@17.0.7
J 1430 c1 java.lang.Class.privateGetDeclaredMethods(Z)[Ljava/lang/reflect/Method; java.base@17.0.7 (64 bytes) @ 0x00000163498af35c [0x00000163498af1c0+0x000000000000019c]
J 3051 c1 java.lang.Class.getDeclaredMethod(Ljava/lang/String;[Ljava/lang/Class;)Ljava/lang/reflect/Method; java.base@17.0.7 (63 bytes) @ 0x0000016349bdca44 [0x0000016349bdc7e0+0x0000000000000264]
J 2906 c1 org.openqa.selenium.json.JsonOutput.getMethod(Ljava/lang/Class;Ljava/lang/String;)Ljava/lang/reflect/Method; (68 bytes) @ 0x0000016349ba7914 [0x0000016349ba7680+0x0000000000000294]
J 2906 c1 org.openqa.selenium.json.JsonOutput.getMethod(Ljava/lang/Class;Ljava/lang/String;)Ljava/lang/reflect/Method; (68 bytes) @ 0x0000016349ba81d4 [0x0000016349ba7680+0x0000000000000b54]
j  org.openqa.selenium.json.JsonOutput.lambda$new$15(Ljava/lang/Class;)Z+4
j  org.openqa.selenium.json.JsonOutput$$Lambda$445+0x0000000800312130.test(Ljava/lang/Object;)Z+8
J 2871 c1 org.openqa.selenium.json.JsonOutput$$Lambda$461+0x00000008003144a0.test(Ljava/lang/Object;)Z (12 bytes) @ 0x0000016349b9bffc [0x0000016349b9bb60+0x000000000000049c]
J 3305 c2 java.util.stream.ReferencePipeline$2$1.accept(Ljava/lang/Object;)V java.base@17.0.7 (27 bytes) @ 0x000001635129f97c [0x000001635129f920+0x000000000000005c]
J 2840 c1 java.util.Collections$UnmodifiableMap$UnmodifiableEntrySet$$Lambda$462+0x0000000800343d78.accept(Ljava/lang/Object;)V java.base@17.0.7 (12 bytes) @ 0x0000016349b8efcc [0x0000016349b8eb00+0x00000000000004cc]
J 2609 c1 java.util.Spliterators$IteratorSpliterator.tryAdvance(Ljava/util/function/Consumer;)Z java.base@17.0.7 (77 bytes) @ 0x0000016349b23a0c [0x0000016349b23520+0x00000000000004ec]
J 2791 c1 java.util.Collections$UnmodifiableMap$UnmodifiableEntrySet$UnmodifiableEntrySetSpliterator.tryAdvance(Ljava/util/function/Consumer;)Z java.base@17.0.7 (19 bytes) @ 0x0000016349b7dd0c [0x0000016349b7d740+0x00000000000005cc]
J 1660 c1 java.util.stream.ReferencePipeline.forEachWithCancel(Ljava/util/Spliterator;Ljava/util/stream/Sink;)Z java.base@17.0.7 (23 bytes) @ 0x000001634991e80c [0x000001634991e6e0+0x000000000000012c]
J 1656 c1 java.util.stream.AbstractPipeline.copyIntoWithCancel(Ljava/util/stream/Sink;Ljava/util/Spliterator;)Z java.base@17.0.7 (46 bytes) @ 0x000001634991ce24 [0x000001634991cb00+0x0000000000000324]
J 1651 c1 java.util.stream.AbstractPipeline.copyInto(Ljava/util/stream/Sink;Ljava/util/Spliterator;)V java.base@17.0.7 (54 bytes) @ 0x000001634991e0ac [0x000001634991dbc0+0x00000000000004ec]
J 1649 c1 java.util.stream.AbstractPipeline.wrapAndCopyInto(Ljava/util/stream/Sink;Ljava/util/Spliterator;)Ljava/util/stream/Sink; java.base@17.0.7 (18 bytes) @ 0x000001634991d61c [0x000001634991d3e0+0x000000000000023c]
J 3476 c1 java.util.stream.FindOps$FindOp.evaluateSequential(Ljava/util/stream/PipelineHelper;Ljava/util/Spliterator;)Ljava/lang/Object; java.base@17.0.7 (39 bytes) @ 0x0000016349c9f8e4 [0x0000016349c9f600+0x00000000000002e4]
J 1628 c1 java.util.stream.AbstractPipeline.evaluate(Ljava/util/stream/TerminalOp;)Ljava/lang/Object; java.base@17.0.7 (94 bytes) @ 0x00000163499188bc [0x0000016349918440+0x000000000000047c]
J 3267 c1 java.util.stream.ReferencePipeline.findFirst()Ljava/util/Optional; java.base@17.0.7 (12 bytes) @ 0x0000016349c41c9c [0x0000016349c41bc0+0x00000000000000dc]
j  org.openqa.selenium.json.JsonOutput.write(Ljava/lang/Object;I)Lorg/openqa/selenium/json/JsonOutput;+25
j  org.openqa.selenium.json.JsonOutput.lambda$new$24(Ljava/lang/Integer;Ljava/lang/Object;Ljava/lang/Object;)V+33
j  org.openqa.selenium.json.JsonOutput$$Lambda$465+0x00000008003162b8.accept(Ljava/lang/Object;Ljava/lang/Object;)V+10
j  java.util.HashMap.forEach(Ljava/util/function/BiConsumer;)V+74 java.base@17.0.7
j  org.openqa.selenium.json.JsonOutput.lambda$new$25(Ljava/lang/Object;Ljava/lang/Integer;)V+34
j  org.openqa.selenium.json.JsonOutput$$Lambda$454+0x0000000800313540.consume(Ljava/lang/Object;Ljava/lang/Object;)V+9
j  org.openqa.selenium.json.JsonOutput.write(Ljava/lang/Object;I)Lorg/openqa/selenium/json/JsonOutput;+55
j  org.openqa.selenium.json.JsonOutput.convertUsingMethod(Ljava/lang/String;Ljava/lang/Object;I)Lorg/openqa/selenium/json/JsonOutput;+57
j  org.openqa.selenium.json.JsonOutput.lambda$new$16(Ljava/lang/Object;Ljava/lang/Integer;)V+8
j  org.openqa.selenium.json.JsonOutput$$Lambda$446+0x0000000800312380.consume(Ljava/lang/Object;Ljava/lang/Object;)V+9
j  org.openqa.selenium.json.JsonOutput.write(Ljava/lang/Object;I)Lorg/openqa/selenium/json/JsonOutput;+55
j  org.openqa.selenium.json.JsonOutput.lambda$new$22(Ljava/lang/Integer;Ljava/lang/Object;)V+8
j  org.openqa.selenium.json.JsonOutput$$Lambda$468+0x0000000800316b70.accept(Ljava/lang/Object;)V+9
J 1938 c1 java.util.stream.ForEachOps$ForEachOp$OfRef.accept(Ljava/lang/Object;)V java.base@17.0.7 (11 bytes) @ 0x00000163499aab4c [0x00000163499aaa40+0x000000000000010c]
J 3305 c2 java.util.stream.ReferencePipeline$2$1.accept(Ljava/lang/Object;)V java.base@17.0.7 (27 bytes) @ 0x000001635129f9a4 [0x000001635129f920+0x0000000000000084]
j  java.util.Iterator.forEachRemaining(Ljava/util/function/Consumer;)V+21 java.base@17.0.7
j  java.util.Spliterators$IteratorSpliterator.forEachRemaining(Ljava/util/function/Consumer;)V+52 java.base@17.0.7
J 1651 c1 java.util.stream.AbstractPipeline.copyInto(Ljava/util/stream/Sink;Ljava/util/Spliterator;)V java.base@17.0.7 (54 bytes) @ 0x000001634991dfb4 [0x000001634991dbc0+0x00000000000003f4]
J 1649 c1 java.util.stream.AbstractPipeline.wrapAndCopyInto(Ljava/util/stream/Sink;Ljava/util/Spliterator;)Ljava/util/stream/Sink; java.base@17.0.7 (18 bytes) @ 0x000001634991d61c [0x000001634991d3e0+0x000000000000023c]
j  java.util.stream.ForEachOps$ForEachOp.evaluateSequential(Ljava/util/stream/PipelineHelper;Ljava/util/Spliterator;)Ljava/lang/Void;+3 java.base@17.0.7
j  java.util.stream.ForEachOps$ForEachOp$OfRef.evaluateSequential(Ljava/util/stream/PipelineHelper;Ljava/util/Spliterator;)Ljava/lang/Object;+3 java.base@17.0.7
J 1628 c1 java.util.stream.AbstractPipeline.evaluate(Ljava/util/stream/TerminalOp;)Ljava/lang/Object; java.base@17.0.7 (94 bytes) @ 0x00000163499188bc [0x0000016349918440+0x000000000000047c]
j  java.util.stream.ReferencePipeline.forEach(Ljava/util/function/Consumer;)V+6 java.base@17.0.7
j  org.openqa.selenium.json.JsonOutput.lambda$new$23(Ljava/lang/Object;Ljava/lang/Integer;)V+49
j  org.openqa.selenium.json.JsonOutput$$Lambda$452+0x00000008003130d0.consume(Ljava/lang/Object;Ljava/lang/Object;)V+9
j  org.openqa.selenium.json.JsonOutput.write(Ljava/lang/Object;I)Lorg/openqa/selenium/json/JsonOutput;+55
j  org.openqa.selenium.json.JsonOutput.lambda$new$24(Ljava/lang/Integer;Ljava/lang/Object;Ljava/lang/Object;)V+33
j  org.openqa.selenium.json.JsonOutput$$Lambda$465+0x00000008003162b8.accept(Ljava/lang/Object;Ljava/lang/Object;)V+10
j  com.google.common.collect.SingletonImmutableBiMap.forEach(Ljava/util/function/BiConsumer;)V+15
j  org.openqa.selenium.json.JsonOutput.lambda$new$25(Ljava/lang/Object;Ljava/lang/Integer;)V+34
j  org.openqa.selenium.json.JsonOutput$$Lambda$454+0x0000000800313540.consume(Ljava/lang/Object;Ljava/lang/Object;)V+9
j  org.openqa.selenium.json.JsonOutput.write(Ljava/lang/Object;I)Lorg/openqa/selenium/json/JsonOutput;+55
j  org.openqa.selenium.json.JsonOutput.write(Ljava/lang/Object;)Lorg/openqa/selenium/json/JsonOutput;+4
j  org.openqa.selenium.json.Json.toJson(Ljava/lang/Object;)Ljava/lang/String;+16
j  org.openqa.selenium.remote.codec.AbstractHttpCommandCodec.encode(Lorg/openqa/selenium/remote/Command;)Lorg/openqa/selenium/remote/http/HttpRequest;+108
j  org.openqa.selenium.remote.codec.AbstractHttpCommandCodec.encode(Lorg/openqa/selenium/remote/Command;)Ljava/lang/Object;+2
j  org.openqa.selenium.remote.HttpCommandExecutor.execute(Lorg/openqa/selenium/remote/Command;)Lorg/openqa/selenium/remote/Response;+267
j  org.openqa.selenium.remote.service.DriverCommandExecutor.invokeExecute(Lorg/openqa/selenium/remote/Command;)Lorg/openqa/selenium/remote/Response;+2
j  org.openqa.selenium.remote.service.DriverCommandExecutor.execute(Lorg/openqa/selenium/remote/Command;)Lorg/openqa/selenium/remote/Response;+195
j  org.openqa.selenium.remote.RemoteWebDriver.execute(Lorg/openqa/selenium/remote/CommandPayload;)Lorg/openqa/selenium/remote/Response;+76
j  org.openqa.selenium.remote.RemoteWebDriver.perform(Ljava/util/Collection;)V+5
j  org.openqa.selenium.interactions.Actions$BuiltAction.perform()V+16
j  org.openqa.selenium.interactions.Actions.perform()V+4
j  pageobject.Finding_Element_1.finding_id_click()V+67
j  Stepdefinition.FindingScreen.click_on_finding_id()V+4
v  ~StubRoutines::call_stub
j  jdk.internal.reflect.NativeMethodAccessorImpl.invoke0(Ljava/lang/reflect/Method;Ljava/lang/Object;[Ljava/lang/Object;)Ljava/lang/Object;+0 java.base@17.0.7
j  jdk.internal.reflect.NativeMethodAccessorImpl.invoke(Ljava/lang/Object;[Ljava/lang/Object;)Ljava/lang/Object;+133 java.base@17.0.7
j  jdk.internal.reflect.DelegatingMethodAccessorImpl.invoke(Ljava/lang/Object;[Ljava/lang/Object;)Ljava/lang/Object;+6 java.base@17.0.7
j  java.lang.reflect.Method.invoke(Ljava/lang/Object;[Ljava/lang/Object;)Ljava/lang/Object;+59 java.base@17.0.7
j  io.cucumber.java.Invoker.doInvoke(Lio/cucumber/core/backend/Located;Ljava/lang/Object;Ljava/lang/reflect/Method;[Ljava/lang/Object;)Ljava/lang/Object;+14
j  io.cucumber.java.Invoker.invoke(Lio/cucumber/core/backend/Located;Ljava/lang/Object;Ljava/lang/reflect/Method;[Ljava/lang/Object;)Ljava/lang/Object;+12
j  io.cucumber.java.AbstractGlueDefinition.invokeMethod([Ljava/lang/Object;)Ljava/lang/Object;+45
j  io.cucumber.java.JavaStepDefinition.execute([Ljava/lang/Object;)V+2
j  io.cucumber.core.runner.CoreStepDefinition.execute([Ljava/lang/Object;)V+5
j  io.cucumber.core.runner.PickleStepDefinitionMatch.runStep(Lio/cucumber/core/backend/TestCaseState;)V+173
j  io.cucumber.core.runner.ExecutionMode$1.execute(Lio/cucumber/core/runner/StepDefinitionMatch;Lio/cucumber/core/runner/TestCaseState;)Lio/cucumber/plugin/event/Status;+2
j  io.cucumber.core.runner.TestStep.executeStep(Lio/cucumber/core/runner/TestCaseState;Lio/cucumber/core/runner/ExecutionMode;)Lio/cucumber/plugin/event/Status;+14
j  io.cucumber.core.runner.TestStep.run(Lio/cucumber/plugin/event/TestCase;Lio/cucumber/core/eventbus/EventBus;Lio/cucumber/core/runner/TestCaseState;Lio/cucumber/core/runner/ExecutionMode;)Lio/cucumber/core/runner/ExecutionMode;+27
j  io.cucumber.core.runner.PickleStepTestStep.run(Lio/cucumber/plugin/event/TestCase;Lio/cucumber/core/eventbus/EventBus;Lio/cucumber/core/runner/TestCaseState;Lio/cucumber/core/runner/ExecutionMode;)Lio/cucumber/core/runner/ExecutionMode;+63
j  io.cucumber.core.runner.TestCase.run(Lio/cucumber/core/eventbus/EventBus;)V+140
j  io.cucumber.core.runner.Runner.runPickle(Lio/cucumber/core/gherkin/Pickle;)V+38
j  io.cucumber.core.runtime.Runtime.lambda$executePickle$6(Lio/cucumber/core/gherkin/Pickle;Lio/cucumber/core/runner/Runner;)V+2
j  io.cucumber.core.runtime.Runtime$$Lambda$219+0x0000000800133be0.accept(Ljava/lang/Object;)V+8
j  io.cucumber.core.runtime.CucumberExecutionContext.lambda$runTestCase$5(Ljava/util/function/Consumer;Lio/cucumber/core/runner/Runner;)V+2
j  io.cucumber.core.runtime.CucumberExecutionContext$$Lambda$220+0x0000000800138000.run()V+8
j  io.cucumber.core.runtime.RethrowingThrowableCollector.executeAndThrow(Ljava/lang/Runnable;)V+1
j  io.cucumber.core.runtime.CucumberExecutionContext.runTestCase(Ljava/util/function/Consumer;)V+16
j  io.cucumber.core.runtime.Runtime.lambda$executePickle$7(Lio/cucumber/core/gherkin/Pickle;)V+10
j  io.cucumber.core.runtime.Runtime$$Lambda$218+0x00000008001339c0.run()V+8
j  java.util.concurrent.Executors$RunnableAdapter.call()Ljava/lang/Object;+4 java.base@17.0.7
j  java.util.concurrent.FutureTask.run()V+39 java.base@17.0.7
j  io.cucumber.core.runtime.Runtime$SameThreadExecutorService.execute(Ljava/lang/Runnable;)V+1
j  java.util.concurrent.AbstractExecutorService.submit(Ljava/lang/Runnable;)Ljava/util/concurrent/Future;+21 java.base@17.0.7
j  io.cucumber.core.runtime.Runtime.lambda$runFeatures$3(Lio/cucumber/core/gherkin/Pickle;)Ljava/util/concurrent/Future;+9
j  io.cucumber.core.runtime.Runtime$$Lambda$217+0x0000000800133780.apply(Ljava/lang/Object;)Ljava/lang/Object;+8
J 1588 c1 java.util.stream.ReferencePipeline$3$1.accept(Ljava/lang/Object;)V java.base@17.0.7 (23 bytes) @ 0x00000163498fcb5c [0x00000163498fca40+0x000000000000011c]
j  java.util.stream.SliceOps$1$1.accept(Ljava/lang/Object;)V+33 java.base@17.0.7
J 1600 c1 java.util.ArrayList$ArrayListSpliterator.tryAdvance(Ljava/util/function/Consumer;)Z java.base@17.0.7 (79 bytes) @ 0x00000163499061cc [0x0000016349905f80+0x000000000000024c]
j  java.util.stream.ReferencePipeline.forEachWithCancel(Ljava/util/Spliterator;Ljava/util/stream/Sink;)Z+13 java.base@17.0.7
j  java.util.stream.AbstractPipeline.copyIntoWithCancel(Ljava/util/stream/Sink;Ljava/util/Spliterator;)Z+32 java.base@17.0.7
j  java.util.stream.AbstractPipeline.copyInto(Ljava/util/stream/Sink;Ljava/util/Spliterator;)V+49 java.base@17.0.7
j  java.util.stream.AbstractPipeline.wrapAndCopyInto(Ljava/util/stream/Sink;Ljava/util/Spliterator;)Ljava/util/stream/Sink;+13 java.base@17.0.7
j  java.util.stream.ReduceOps$ReduceOp.evaluateSequential(Ljava/util/stream/PipelineHelper;Ljava/util/Spliterator;)Ljava/lang/Object;+6 java.base@17.0.7
j  java.util.stream.AbstractPipeline.evaluate(Ljava/util/stream/TerminalOp;)Ljava/lang/Object;+88 java.base@17.0.7
j  java.util.stream.ReferencePipeline.collect(Ljava/util/stream/Collector;)Ljava/lang/Object;+86 java.base@17.0.7
j  io.cucumber.core.runtime.Runtime.runFeatures(Ljava/util/List;)V+102
j  io.cucumber.core.runtime.Runtime.lambda$run$0(Ljava/util/List;)V+2
j  io.cucumber.core.runtime.Runtime$$Lambda$165+0x00000008001119f8.run()V+8
j  io.cucumber.core.runtime.CucumberExecutionContext.lambda$runFeatures$6(Lio/cucumber/core/runtime/CucumberExecutionContext$ThrowingRunnable;)V+5
j  io.cucumber.core.runtime.CucumberExecutionContext$$Lambda$171+0x000000080011a970.run()V+8
j  io.cucumber.core.runtime.CucumberExecutionContext.execute(Lio/cucumber/core/runtime/CucumberExecutionContext$ThrowingRunnable;)V+1
j  io.cucumber.core.runtime.CucumberExecutionContext.runFeatures(Lio/cucumber/core/runtime/CucumberExecutionContext$ThrowingRunnable;)V+12
j  io.cucumber.core.runtime.Runtime.run()V+21
j  io.cucumber.core.cli.Main.run([Ljava/lang/String;Ljava/lang/ClassLoader;)B+142
j  cucumber.api.cli.Main.run([Ljava/lang/String;Ljava/lang/ClassLoader;)B+15
j  cucumber.api.cli.Main.main([Ljava/lang/String;)V+7
v  ~StubRoutines::call_stub

siginfo: EXCEPTION_ACCESS_VIOLATION (0xc0000005), reading address 0x0000012364a3d994


Register to memory mapping:

RIP=0x00007ffaef20eeda jvm.dll
RAX=0x0000000000000054 is an unknown value
RBX=0x0 is NULL
RCX=0x0000003d4fefb660 is pointing into the stack for thread: 0x0000016345f85fd0
RDX=0x0000012364a3d990 is an unknown value
RSP=0x0000003d4fefb640 is pointing into the stack for thread: 0x0000016345f85fd0
RBP=0x0000003d4fefb710 is pointing into the stack for thread: 0x0000016345f85fd0
RSI=0x0000003d4fefb6e8 is pointing into the stack for thread: 0x0000016345f85fd0
RDI=0x0 is NULL
R8 =0x0000016345f85fd0 is a thread
R9 =0x0000016365634270 is pointing into metadata
R10=0x0000000000000006 is an unknown value
R11={method} {0x0000016365634c78} 'addAll' '(ILjava/util/Collection;)Z' in 'java/util/AbstractSequentialList'
R12=0x0000003d4fefb770 is pointing into the stack for thread: 0x0000016345f85fd0
R13=0x0000016345f864b0 points into unknown readable memory: 0x0000000800000007 | 07 00 00 00 08 00 00 00
R14=0x0000000000000005 is an unknown value
R15=0x0000000000000007 is an unknown value


Registers:
RAX=0x0000000000000054, RBX=0x0000000000000000, RCX=0x0000003d4fefb660, RDX=0x0000012364a3d990
RSP=0x0000003d4fefb640, RBP=0x0000003d4fefb710, RSI=0x0000003d4fefb6e8, RDI=0x0000000000000000
R8 =0x0000016345f85fd0, R9 =0x0000016365634270, R10=0x0000000000000006, R11=0x0000016365634c70
R12=0x0000003d4fefb770, R13=0x0000016345f864b0, R14=0x0000000000000005, R15=0x0000000000000007
RIP=0x00007ffaef20eeda, EFLAGS=0x0000000000010246

Top of Stack: (sp=0x0000003d4fefb640)
0x0000003d4fefb640:   0000000000000000 00007ffaeee4e4bd
0x0000003d4fefb650:   0000000000000020 0000016345f85fd0
0x0000003d4fefb660:   0000016345f85fd0 00007ffaeefd17cd
0x0000003d4fefb670:   0000000000000000 00000163693f3d38
0x0000003d4fefb680:   0000000000000001 0000003d4fefb710
0x0000003d4fefb690:   0000000000000000 00007ffaef180c49
0x0000003d4fefb6a0:   00000163693f3d10 0000016345f84d90
0x0000003d4fefb6b0:   0000016345f85fd0 00000163693f3d48
0x0000003d4fefb6c0:   0000016345f864f0 000000008ecb7017
0x0000003d4fefb6d0:   00000163693f3d10 00000008000903f8
0x0000003d4fefb6e0:   00000163693f3d20 0000012364a3d990
0x0000003d4fefb6f0:   0000010100000063 0000000000000000
0x0000003d4fefb700:   0000000000000000 00007ffaeee2d193
0x0000003d4fefb710:   0000000000000007 0000000000000005
0x0000003d4fefb720:   0000016345f864b0 00000008000903f8
0x0000003d4fefb730:   0000000000000000 0000000000000005 

Instructions: (pc=0x00007ffaef20eeda)
0x00007ffaef20edda:   24 3c 03 74 6a 8b 77 24 48 89 6c 24 78 48 8b 6f
0x00007ffaef20edea:   18 4c 89 74 24 50 44 8b 77 20 0f 1f 40 00 0f 1f
0x00007ffaef20edfa:   84 00 00 00 00 00 48 63 54 24 38 8b ce 48 8b c2
0x00007ffaef20ee0a:   83 c6 04 48 d3 e0 48 0b e8 89 77 24 8d 42 f9 48
0x00007ffaef20ee1a:   89 6f 18 83 e0 fb f7 d8 1b c9 83 c1 02 44 03 f1
0x00007ffaef20ee2a:   48 8d 4c 24 20 44 89 77 20 e8 58 0e 00 00 83 7c
0x00007ffaef20ee3a:   24 3c 03 75 c1 4c 8b 74 24 50 48 8b 6c 24 78 8b
0x00007ffaef20ee4a:   44 24 38 48 8b 4c 24 40 41 89 47 08 48 3b 0d 9b
0x00007ffaef20ee5a:   bd 43 00 74 38 e8 5c 39 05 00 48 8b 74 24 48 48
0x00007ffaef20ee6a:   85 f6 74 29 39 1e 7e 25 48 8b fb 66 66 66 0f 1f
0x00007ffaef20ee7a:   84 00 00 00 00 00 48 8b 4e 08 48 8b 0c 0f e8 33
0x00007ffaef20ee8a:   39 05 00 ff c3 48 8d 7f 08 3b 1e 7c e9 48 8b 5c
0x00007ffaef20ee9a:   24 70 48 8b b4 24 80 00 00 00 48 83 c4 58 41 5f
0x00007ffaef20eeaa:   5f c3 cc cc cc cc 48 89 5c 24 10 48 89 74 24 18
0x00007ffaef20eeba:   57 48 83 ec 50 33 db 48 89 11 48 89 59 10 48 8b
0x00007ffaef20eeca:   f1 89 59 18 c7 41 08 63 00 00 00 48 8d 4c 24 20
0x00007ffaef20eeda:   0f b7 42 04 89 44 24 30 48 8b 05 0f bd 43 00 48
0x00007ffaef20eeea:   89 44 24 40 48 89 54 24 20 c7 44 24 3c 01 00 00
0x00007ffaef20eefa:   00 c7 44 24 2c 01 00 00 00 c7 44 24 28 01 00 00
0x00007ffaef20ef0a:   00 89 5c 24 34 48 89 5c 24 48 e8 77 0d 00 00 83
0x00007ffaef20ef1a:   7c 24 3c 03 74 26 8b fb 0f 1f 40 00 66 66 0f 1f
0x00007ffaef20ef2a:   84 00 00 00 00 00 ff c7 48 8d 4c 24 20 89 7e 18
0x00007ffaef20ef3a:   e8 51 0d 00 00 83 7c 24 3c 03 75 ea 8b 44 24 38
0x00007ffaef20ef4a:   48 8b 4c 24 40 89 46 08 48 3b 0d 9f bc 43 00 74
0x00007ffaef20ef5a:   55 48 89 6c 24 60 e8 5b 38 05 00 48 8b 6c 24 48
0x00007ffaef20ef6a:   48 85 ed 74 29 39 5d 00 7e 24 48 8b fb 66 0f 1f
0x00007ffaef20ef7a:   84 00 00 00 00 00 48 8b 4d 08 48 8b 0c 0f e8 33
0x00007ffaef20ef8a:   38 05 00 ff c3 48 8d 7f 08 3b 5d 00 7c e8 48 8b
0x00007ffaef20ef9a:   6c 24 60 48 8b c6 48 8b 5c 24 68 48 8b 74 24 70
0x00007ffaef20efaa:   48 83 c4 50 5f c3 48 8b 5c 24 68 48 8b c6 48 8b
0x00007ffaef20efba:   74 24 70 48 83 c4 50 5f c3 cc cc cc cc cc cc cc
0x00007ffaef20efca:   cc cc cc cc cc cc 48 89 5c 24 10 48 89 7c 24 18 


Stack slot to memory mapping:
stack at sp + 0 slots: 0x0 is NULL
stack at sp + 1 slots: 0x00007ffaeee4e4bd jvm.dll
stack at sp + 2 slots: 0x0000000000000020 is an unknown value
stack at sp + 3 slots: 0x0000016345f85fd0 is a thread
stack at sp + 4 slots: 0x0000016345f85fd0 is a thread
stack at sp + 5 slots: 0x00007ffaeefd17cd jvm.dll
stack at sp + 6 slots: 0x0 is NULL
stack at sp + 7 slots: 0x00000163693f3d38 points into unknown readable memory: 0x0000000702f15c78 | 78 5c f1 02 07 00 00 00


---------------  P R O C E S S  ---------------

Threads class SMR info:
_java_thread_list=0x000001636aec9ee0, length=23, elements={
0x0000016345f85fd0, 0x0000016364b6e620, 0x0000016364b6f310, 0x0000016364b954c0,
0x0000016364b97080, 0x0000016364b99f40, 0x0000016364b9fe00, 0x0000016364ba8ba0,
0x0000016364ba9640, 0x0000016364baa030, 0x0000016364d1bd20, 0x0000016364d46750,
0x000001636a1218c0, 0x000001636a1235a0, 0x000001636a122260, 0x000001636a123a70,
0x000001636a121d90, 0x000001636a1213f0, 0x000001636a122730, 0x000001636a120f20,
0x000001636a122c00, 0x000001636a120580, 0x000001636a120a50
}

Java Threads: ( => current thread )
=>0x0000016345f85fd0 JavaThread "Forwarding actions on session 4454c8daed55487b3156bdf49b21a17f to remote" [_thread_in_vm, id=13728, stack(0x0000003d4fe00000,0x0000003d4ff00000)]
  0x0000016364b6e620 JavaThread "Reference Handler" daemon [_thread_blocked, id=8076, stack(0x0000003d50500000,0x0000003d50600000)]
  0x0000016364b6f310 JavaThread "Finalizer" daemon [_thread_blocked, id=13700, stack(0x0000003d50600000,0x0000003d50700000)]
  0x0000016364b954c0 JavaThread "Signal Dispatcher" daemon [_thread_blocked, id=9048, stack(0x0000003d50700000,0x0000003d50800000)]
  0x0000016364b97080 JavaThread "Attach Listener" daemon [_thread_blocked, id=10348, stack(0x0000003d50800000,0x0000003d50900000)]
  0x0000016364b99f40 JavaThread "Service Thread" daemon [_thread_blocked, id=13816, stack(0x0000003d50900000,0x0000003d50a00000)]
  0x0000016364b9fe00 JavaThread "Monitor Deflation Thread" daemon [_thread_blocked, id=2100, stack(0x0000003d50a00000,0x0000003d50b00000)]
  0x0000016364ba8ba0 JavaThread "C2 CompilerThread0" daemon [_thread_blocked, id=11568, stack(0x0000003d50b00000,0x0000003d50c00000)]
  0x0000016364ba9640 JavaThread "C1 CompilerThread0" daemon [_thread_blocked, id=10012, stack(0x0000003d50c00000,0x0000003d50d00000)]
  0x0000016364baa030 JavaThread "Sweeper thread" daemon [_thread_blocked, id=10512, stack(0x0000003d50d00000,0x0000003d50e00000)]
  0x0000016364d1bd20 JavaThread "Notification Thread" daemon [_thread_blocked, id=9300, stack(0x0000003d50e00000,0x0000003d50f00000)]
  0x0000016364d46750 JavaThread "Common-Cleaner" daemon [_thread_blocked, id=11836, stack(0x0000003d51000000,0x0000003d51100000)]
  0x000001636a1218c0 JavaThread "ForkJoinPool.commonPool-worker-1" daemon [_thread_blocked, id=15904, stack(0x0000003d51b00000,0x0000003d51c00000)]
  0x000001636a1235a0 JavaThread "AsyncHttpClient-1-1" daemon [_thread_blocked, id=15264, stack(0x0000003d51d00000,0x0000003d51e00000)]
  0x000001636a122260 JavaThread "Exec Default Executor" daemon [_thread_in_native, id=7464, stack(0x0000003d51e00000,0x0000003d51f00000)]
  0x000001636a123a70 JavaThread "Exec Stream Pumper" daemon [_thread_in_native, id=14380, stack(0x0000003d51f00000,0x0000003d52000000)]
  0x000001636a121d90 JavaThread "Exec Stream Pumper" daemon [_thread_in_native, id=4856, stack(0x0000003d52000000,0x0000003d52100000)]
  0x000001636a1213f0 JavaThread "Driver Service Executor" daemon [_thread_blocked, id=15624, stack(0x0000003d52100000,0x0000003d52200000)]
  0x000001636a122730 JavaThread "Driver Service Executor" daemon [_thread_blocked, id=9032, stack(0x0000003d52200000,0x0000003d52300000)]
  0x000001636a120f20 JavaThread "UrlChecker-2" daemon [_thread_blocked, id=5540, stack(0x0000003d52300000,0x0000003d52400000)]
  0x000001636a122c00 JavaThread "AsyncHttpClient-1-2" daemon [_thread_in_native, id=6336, stack(0x0000003d52600000,0x0000003d52700000)]
  0x000001636a120580 JavaThread "AsyncHttpClient-1-3" daemon [_thread_in_native, id=1492, stack(0x0000003d51100000,0x0000003d51200000)]
  0x000001636a120a50 JavaThread "AsyncHttpClient-1-4" daemon [_thread_in_native, id=14556, stack(0x0000003d51200000,0x0000003d51300000)]

Other Threads:
  0x0000016364b4c230 VMThread "VM Thread" [stack: 0x0000003d50400000,0x0000003d50500000] [id=2148]
  0x0000016364d1c600 WatcherThread [stack: 0x0000003d50f00000,0x0000003d51000000] [id=8232]
  0x0000016345ff5be0 GCTaskThread "GC Thread#0" [stack: 0x0000003d4ff00000,0x0000003d50000000] [id=7256]
  0x000001636a7d0c70 GCTaskThread "GC Thread#1" [stack: 0x0000003d51300000,0x0000003d51400000] [id=10568]
  0x0000016369cc9e70 GCTaskThread "GC Thread#2" [stack: 0x0000003d51400000,0x0000003d51500000] [id=7296]
  0x000001636901f5f0 GCTaskThread "GC Thread#3" [stack: 0x0000003d51500000,0x0000003d51600000] [id=9428]
  0x000001636901f8a0 GCTaskThread "GC Thread#4" [stack: 0x0000003d51600000,0x0000003d51700000] [id=3356]
  0x0000016369500170 GCTaskThread "GC Thread#5" [stack: 0x0000003d51700000,0x0000003d51800000] [id=4024]
  0x00000163696cf5a0 GCTaskThread "GC Thread#6" [stack: 0x0000003d51800000,0x0000003d51900000] [id=13468]
  0x000001636a33d740 GCTaskThread "GC Thread#7" [stack: 0x0000003d51900000,0x0000003d51a00000] [id=6928]
  0x0000016346006930 ConcurrentGCThread "G1 Main Marker" [stack: 0x0000003d50000000,0x0000003d50100000] [id=14628]
  0x0000016346007ae0 ConcurrentGCThread "G1 Conc#0" [stack: 0x0000003d50100000,0x0000003d50200000] [id=15268]
  0x000001636a4aefe0 ConcurrentGCThread "G1 Conc#1" [stack: 0x0000003d51c00000,0x0000003d51d00000] [id=7096]
  0x000001634603d5b0 ConcurrentGCThread "G1 Refine#0" [stack: 0x0000003d50200000,0x0000003d50300000] [id=3644]
  0x000001636964c910 ConcurrentGCThread "G1 Refine#1" [stack: 0x0000003d51a00000,0x0000003d51b00000] [id=1924]
  0x00000163649a0150 ConcurrentGCThread "G1 Service" [stack: 0x0000003d50300000,0x0000003d50400000] [id=15100]

Threads with active compile tasks:

VM state: not at safepoint (normal execution)

VM Mutex/Monitor currently owned by a thread: None

Heap address: 0x0000000701e00000, size: 4066 MB, Compressed Oops mode: Zero based, Oop shift amount: 3

CDS archive(s) not mapped
Compressed class space mapped at: 0x0000000800000000-0x0000000840000000, reserved size: 1073741824
Narrow klass base: 0x0000000800000000, Narrow klass shift: 0, Narrow klass range: 0x40000000

GC Precious Log:
 CPUs: 8 total, 8 available
 Memory: 16262M
 Large Page Support: Disabled
 NUMA Support: Disabled
 Compressed Oops: Enabled (Zero based)
 Heap Region Size: 2M
 Heap Min Capacity: 8M
 Heap Initial Capacity: 256M
 Heap Max Capacity: 4066M
 Pre-touch: Disabled
 Parallel Workers: 8
 Concurrent Workers: 2
 Concurrent Refinement Workers: 8
 Periodic GC: Disabled

Heap:
 garbage-first heap   total 161792K, used 54743K [0x0000000701e00000, 0x0000000800000000)
  region size 2048K, 17 young (34816K), 1 survivors (2048K)
 Metaspace       used 33136K, committed 33408K, reserved 1114112K
  class space    used 3805K, committed 3968K, reserved 1048576K

Heap Regions: E=young(eden), S=young(survivor), O=old, HS=humongous(starts), HC=humongous(continues), CS=collection set, F=free, OA=open archive, CA=closed archive, TAMS=top-at-mark-start (previous, next)
|   0|0x0000000701e00000, 0x0000000702000000, 0x0000000702000000|100%| O|  |TAMS 0x0000000702000000, 0x0000000701e00000| Untracked 
|   1|0x0000000702000000, 0x0000000702200000, 0x0000000702200000|100%| O|  |TAMS 0x0000000702200000, 0x0000000702000000| Untracked 
|   2|0x0000000702200000, 0x0000000702400000, 0x0000000702400000|100%| O|  |TAMS 0x0000000702400000, 0x0000000702200000| Untracked 
|   3|0x0000000702400000, 0x0000000702600000, 0x0000000702600000|100%| O|  |TAMS 0x0000000702600000, 0x0000000702400000| Untracked 
|   4|0x0000000702600000, 0x0000000702600000, 0x0000000702800000|  0%| F|  |TAMS 0x0000000702600000, 0x0000000702600000| Untracked 
|   5|0x0000000702800000, 0x0000000702a00000, 0x0000000702a00000|100%| O|  |TAMS 0x0000000702800000, 0x0000000702800000| Untracked 
|   6|0x0000000702a00000, 0x0000000702c00000, 0x0000000702c00000|100%| O|  |TAMS 0x0000000702a00000, 0x0000000702a00000| Untracked 
|   7|0x0000000702c00000, 0x0000000702e00000, 0x0000000702e00000|100%| O|  |TAMS 0x0000000702c00000, 0x0000000702c00000| Untracked 
|   8|0x0000000702e00000, 0x0000000703000000, 0x0000000703000000|100%| O|  |TAMS 0x0000000702e00000, 0x0000000702e00000| Untracked 
|   9|0x0000000703000000, 0x0000000703200000, 0x0000000703200000|100%|HS|  |TAMS 0x0000000703000000, 0x0000000703000000| Complete 
|  10|0x0000000703200000, 0x0000000703400000, 0x0000000703400000|100%|HC|  |TAMS 0x0000000703200000, 0x0000000703200000| Complete 
|  11|0x0000000703400000, 0x0000000703600000, 0x0000000703600000|100%|HC|  |TAMS 0x0000000703400000, 0x0000000703400000| Complete 
|  12|0x0000000703600000, 0x0000000703600000, 0x0000000703800000|  0%| F|  |TAMS 0x0000000703600000, 0x0000000703600000| Untracked 
|  13|0x0000000703800000, 0x0000000703842e08, 0x0000000703a00000| 13%| O|  |TAMS 0x0000000703800000, 0x0000000703800000| Untracked 
|  14|0x0000000703a00000, 0x0000000703a00000, 0x0000000703c00000|  0%| F|  |TAMS 0x0000000703a00000, 0x0000000703a00000| Untracked 
|  15|0x0000000703c00000, 0x0000000703c00000, 0x0000000703e00000|  0%| F|  |TAMS 0x0000000703c00000, 0x0000000703c00000| Untracked 
|  16|0x0000000703e00000, 0x0000000703e00000, 0x0000000704000000|  0%| F|  |TAMS 0x0000000703e00000, 0x0000000703e00000| Untracked 
|  17|0x0000000704000000, 0x0000000704000000, 0x0000000704200000|  0%| F|  |TAMS 0x0000000704000000, 0x0000000704000000| Untracked 
|  18|0x0000000704200000, 0x0000000704200000, 0x0000000704400000|  0%| F|  |TAMS 0x0000000704200000, 0x0000000704200000| Untracked 
|  19|0x0000000704400000, 0x0000000704400000, 0x0000000704600000|  0%| F|  |TAMS 0x0000000704400000, 0x0000000704400000| Untracked 
|  20|0x0000000704600000, 0x0000000704600000, 0x0000000704800000|  0%| F|  |TAMS 0x0000000704600000, 0x0000000704600000| Untracked 
|  21|0x0000000704800000, 0x0000000704800000, 0x0000000704a00000|  0%| F|  |TAMS 0x0000000704800000, 0x0000000704800000| Untracked 
|  22|0x0000000704a00000, 0x0000000704a00000, 0x0000000704c00000|  0%| F|  |TAMS 0x0000000704a00000, 0x0000000704a00000| Untracked 
|  23|0x0000000704c00000, 0x0000000704c00000, 0x0000000704e00000|  0%| F|  |TAMS 0x0000000704c00000, 0x0000000704c00000| Untracked 
|  24|0x0000000704e00000, 0x0000000704e00000, 0x0000000705000000|  0%| F|  |TAMS 0x0000000704e00000, 0x0000000704e00000| Untracked 
|  25|0x0000000705000000, 0x0000000705000000, 0x0000000705200000|  0%| F|  |TAMS 0x0000000705000000, 0x0000000705000000| Untracked 
|  26|0x0000000705200000, 0x0000000705200000, 0x0000000705400000|  0%| F|  |TAMS 0x0000000705200000, 0x0000000705200000| Untracked 
|  27|0x0000000705400000, 0x0000000705400000, 0x0000000705600000|  0%| F|  |TAMS 0x0000000705400000, 0x0000000705400000| Untracked 
|  28|0x0000000705600000, 0x0000000705600000, 0x0000000705800000|  0%| F|  |TAMS 0x0000000705600000, 0x0000000705600000| Untracked 
|  29|0x0000000705800000, 0x0000000705800000, 0x0000000705a00000|  0%| F|  |TAMS 0x0000000705800000, 0x0000000705800000| Untracked 
|  30|0x0000000705a00000, 0x0000000705a00000, 0x0000000705c00000|  0%| F|  |TAMS 0x0000000705a00000, 0x0000000705a00000| Untracked 
|  31|0x0000000705c00000, 0x0000000705c00000, 0x0000000705e00000|  0%| F|  |TAMS 0x0000000705c00000, 0x0000000705c00000| Untracked 
|  32|0x0000000705e00000, 0x0000000705e00000, 0x0000000706000000|  0%| F|  |TAMS 0x0000000705e00000, 0x0000000705e00000| Untracked 
|  33|0x0000000706000000, 0x0000000706000000, 0x0000000706200000|  0%| F|  |TAMS 0x0000000706000000, 0x0000000706000000| Untracked 
|  34|0x0000000706200000, 0x0000000706200000, 0x0000000706400000|  0%| F|  |TAMS 0x0000000706200000, 0x0000000706200000| Untracked 
|  35|0x0000000706400000, 0x0000000706400000, 0x0000000706600000|  0%| F|  |TAMS 0x0000000706400000, 0x0000000706400000| Untracked 
|  36|0x0000000706600000, 0x0000000706600000, 0x0000000706800000|  0%| F|  |TAMS 0x0000000706600000, 0x0000000706600000| Untracked 
|  37|0x0000000706800000, 0x0000000706800000, 0x0000000706a00000|  0%| F|  |TAMS 0x0000000706800000, 0x0000000706800000| Untracked 
|  38|0x0000000706a00000, 0x0000000706a00000, 0x0000000706c00000|  0%| F|  |TAMS 0x0000000706a00000, 0x0000000706a00000| Untracked 
|  39|0x0000000706c00000, 0x0000000706c00000, 0x0000000706e00000|  0%| F|  |TAMS 0x0000000706c00000, 0x0000000706c00000| Untracked 
|  40|0x0000000706e00000, 0x0000000706e00000, 0x0000000707000000|  0%| F|  |TAMS 0x0000000706e00000, 0x0000000706e00000| Untracked 
|  41|0x0000000707000000, 0x0000000707000000, 0x0000000707200000|  0%| F|  |TAMS 0x0000000707000000, 0x0000000707000000| Untracked 
|  42|0x0000000707200000, 0x0000000707200000, 0x0000000707400000|  0%| F|  |TAMS 0x0000000707200000, 0x0000000707200000| Untracked 
|  43|0x0000000707400000, 0x0000000707400000, 0x0000000707600000|  0%| F|  |TAMS 0x0000000707400000, 0x0000000707400000| Untracked 
|  44|0x0000000707600000, 0x0000000707600000, 0x0000000707800000|  0%| F|  |TAMS 0x0000000707600000, 0x0000000707600000| Untracked 
|  45|0x0000000707800000, 0x0000000707800000, 0x0000000707a00000|  0%| F|  |TAMS 0x0000000707800000, 0x0000000707800000| Untracked 
|  46|0x0000000707a00000, 0x0000000707a00000, 0x0000000707c00000|  0%| F|  |TAMS 0x0000000707a00000, 0x0000000707a00000| Untracked 
|  47|0x0000000707c00000, 0x0000000707c00000, 0x0000000707e00000|  0%| F|  |TAMS 0x0000000707c00000, 0x0000000707c00000| Untracked 
|  48|0x0000000707e00000, 0x0000000707e00000, 0x0000000708000000|  0%| F|  |TAMS 0x0000000707e00000, 0x0000000707e00000| Untracked 
|  49|0x0000000708000000, 0x0000000708000000, 0x0000000708200000|  0%| F|  |TAMS 0x0000000708000000, 0x0000000708000000| Untracked 
|  50|0x0000000708200000, 0x0000000708200000, 0x0000000708400000|  0%| F|  |TAMS 0x0000000708200000, 0x0000000708200000| Untracked 
|  51|0x0000000708400000, 0x0000000708400000, 0x0000000708600000|  0%| F|  |TAMS 0x0000000708400000, 0x0000000708400000| Untracked 
|  52|0x0000000708600000, 0x0000000708600000, 0x0000000708800000|  0%| F|  |TAMS 0x0000000708600000, 0x0000000708600000| Untracked 
|  53|0x0000000708800000, 0x0000000708800000, 0x0000000708a00000|  0%| F|  |TAMS 0x0000000708800000, 0x0000000708800000| Untracked 
|  54|0x0000000708a00000, 0x0000000708a00000, 0x0000000708c00000|  0%| F|  |TAMS 0x0000000708a00000, 0x0000000708a00000| Untracked 
|  55|0x0000000708c00000, 0x0000000708c00000, 0x0000000708e00000|  0%| F|  |TAMS 0x0000000708c00000, 0x0000000708c00000| Untracked 
|  56|0x0000000708e00000, 0x0000000708e00000, 0x0000000709000000|  0%| F|  |TAMS 0x0000000708e00000, 0x0000000708e00000| Untracked 
|  57|0x0000000709000000, 0x0000000709000000, 0x0000000709200000|  0%| F|  |TAMS 0x0000000709000000, 0x0000000709000000| Untracked 
|  58|0x0000000709200000, 0x0000000709200000, 0x0000000709400000|  0%| F|  |TAMS 0x0000000709200000, 0x0000000709200000| Untracked 
|  59|0x0000000709400000, 0x0000000709400000, 0x0000000709600000|  0%| F|  |TAMS 0x0000000709400000, 0x0000000709400000| Untracked 
|  60|0x0000000709600000, 0x0000000709600000, 0x0000000709800000|  0%| F|  |TAMS 0x0000000709600000, 0x0000000709600000| Untracked 
|  61|0x0000000709800000, 0x0000000709800000, 0x0000000709a00000|  0%| F|  |TAMS 0x0000000709800000, 0x0000000709800000| Untracked 
|  62|0x0000000709a00000, 0x0000000709c00000, 0x0000000709c00000|100%| E|  |TAMS 0x0000000709a00000, 0x0000000709a00000| Complete 
|  63|0x0000000709c00000, 0x0000000709e00000, 0x0000000709e00000|100%| E|CS|TAMS 0x0000000709c00000, 0x0000000709c00000| Complete 
|  64|0x0000000709e00000, 0x000000070a000000, 0x000000070a000000|100%| E|CS|TAMS 0x0000000709e00000, 0x0000000709e00000| Complete 
|  65|0x000000070a000000, 0x000000070a200000, 0x000000070a200000|100%| E|CS|TAMS 0x000000070a000000, 0x000000070a000000| Complete 
|  66|0x000000070a200000, 0x000000070a400000, 0x000000070a400000|100%| E|CS|TAMS 0x000000070a200000, 0x000000070a200000| Complete 
|  67|0x000000070a400000, 0x000000070a600000, 0x000000070a600000|100%| E|CS|TAMS 0x000000070a400000, 0x000000070a400000| Complete 
|  68|0x000000070a600000, 0x000000070a800000, 0x000000070a800000|100%| E|CS|TAMS 0x000000070a600000, 0x000000070a600000| Complete 
|  69|0x000000070a800000, 0x000000070aa00000, 0x000000070aa00000|100%| E|CS|TAMS 0x000000070a800000, 0x000000070a800000| Complete 
|  70|0x000000070aa00000, 0x000000070ac00000, 0x000000070ac00000|100%| E|CS|TAMS 0x000000070aa00000, 0x000000070aa00000| Complete 
|  71|0x000000070ac00000, 0x000000070ae00000, 0x000000070ae00000|100%| E|CS|TAMS 0x000000070ac00000, 0x000000070ac00000| Complete 
|  72|0x000000070ae00000, 0x000000070b000000, 0x000000070b000000|100%| E|CS|TAMS 0x000000070ae00000, 0x000000070ae00000| Complete 
|  73|0x000000070b000000, 0x000000070b200000, 0x000000070b200000|100%| E|CS|TAMS 0x000000070b000000, 0x000000070b000000| Complete 
|  74|0x000000070b200000, 0x000000070b400000, 0x000000070b400000|100%| E|CS|TAMS 0x000000070b200000, 0x000000070b200000| Complete 
| 124|0x0000000711600000, 0x0000000711800000, 0x0000000711800000|100%| E|CS|TAMS 0x0000000711600000, 0x0000000711600000| Complete 
| 125|0x0000000711800000, 0x0000000711a00000, 0x0000000711a00000|100%| E|CS|TAMS 0x0000000711800000, 0x0000000711800000| Complete 
| 126|0x0000000711a00000, 0x0000000711b32ea0, 0x0000000711c00000| 59%| S|CS|TAMS 0x0000000711a00000, 0x0000000711a00000| Complete 
| 127|0x0000000711c00000, 0x0000000711e00000, 0x0000000711e00000|100%| E|CS|TAMS 0x0000000711c00000, 0x0000000711c00000| Complete 

Card table byte_map: [0x0000016359160000,0x0000016359960000] _byte_map_base: 0x0000016355951000

Marking Bits (Prev, Next): (CMBitMap*) 0x0000016345ff6230, (CMBitMap*) 0x0000016345ff61f0
 Prev Bits: [0x000001635e0f0000, 0x0000016362078000)
 Next Bits: [0x000001635a160000, 0x000001635e0e8000)

Polling page: 0x0000016343e40000

Metaspace:

Usage:
  Non-class:     28.64 MB used.
      Class:      3.72 MB used.
       Both:     32.36 MB used.

Virtual space:
  Non-class space:       64.00 MB reserved,      28.75 MB ( 45%) committed,  1 nodes.
      Class space:        1.00 GB reserved,       3.88 MB ( <1%) committed,  1 nodes.
             Both:        1.06 GB reserved,      32.62 MB (  3%) committed. 

Chunk freelists:
   Non-Class:  3.08 MB
       Class:  12.04 MB
        Both:  15.11 MB

MaxMetaspaceSize: unlimited
CompressedClassSpaceSize: 1.00 GB
Initial GC threshold: 21.00 MB
Current GC threshold: 35.25 MB
CDS: off
MetaspaceReclaimPolicy: balanced
 - commit_granule_bytes: 65536.
 - commit_granule_words: 8192.
 - virtual_space_node_default_size: 8388608.
 - enlarge_chunks_in_place: 1.
 - new_chunks_are_fully_committed: 0.
 - uncommit_free_chunks: 1.
 - use_allocation_guard: 0.
 - handle_deallocations: 1.


Internal statistics:

num_allocs_failed_limit: 3.
num_arena_births: 224.
num_arena_deaths: 0.
num_vsnodes_births: 2.
num_vsnodes_deaths: 0.
num_space_committed: 522.
num_space_uncommitted: 0.
num_chunks_returned_to_freelist: 3.
num_chunks_taken_from_freelist: 919.
num_chunk_merges: 3.
num_chunk_splits: 612.
num_chunks_enlarged: 471.
num_inconsistent_stats: 0.

CodeHeap 'non-profiled nmethods': size=120000Kb used=1701Kb max_used=1701Kb free=118298Kb
 bounds [0x0000016351100000, 0x0000016351370000, 0x0000016358630000]
CodeHeap 'profiled nmethods': size=120000Kb used=6637Kb max_used=6637Kb free=113362Kb
 bounds [0x0000016349630000, 0x0000016349cb0000, 0x0000016350b60000]
CodeHeap 'non-nmethods': size=5760Kb used=1266Kb max_used=1317Kb free=4493Kb
 bounds [0x0000016350b60000, 0x0000016350dd0000, 0x0000016351100000]
 total_blobs=4074 nmethods=3498 adapters=488
 compilation: enabled
              stopped_count=0, restarted_count=0
 full_count=0

Compilation events (20 events):
Event: 35.021 Thread 0x0000016364ba9640 3490       3       org.openqa.selenium.json.ObjectCoercer::lambda$apply$0 (119 bytes)
Event: 35.022 Thread 0x0000016364ba8ba0 3491       4       java.net.URI$Parser::scan (76 bytes)
Event: 35.022 Thread 0x0000016364ba9640 nmethod 3490 0x0000016349ca6a10 code [0x0000016349ca6ca0, 0x0000016349ca7768]
Event: 35.022 Thread 0x0000016364ba9640 3493       3       java.util.ArrayDeque::peek (5 bytes)
Event: 35.022 Thread 0x0000016364ba9640 nmethod 3493 0x0000016349ca7b90 code [0x0000016349ca7d40, 0x0000016349ca7fb8]
Event: 35.022 Thread 0x0000016364ba9640 3492       3       java.lang.System::getProperty (26 bytes)
Event: 35.022 Thread 0x0000016364ba9640 nmethod 3492 0x0000016349ca8110 code [0x0000016349ca8340, 0x0000016349ca8b78]
Event: 35.024 Thread 0x0000016364ba8ba0 nmethod 3491 0x00000163512a8310 code [0x00000163512a84c0, 0x00000163512a8798]
Event: 35.032 Thread 0x0000016364ba9640 3495       3       com.google.common.collect.Iterators::transform (15 bytes)
Event: 35.032 Thread 0x0000016364ba9640 nmethod 3495 0x0000016349ca8e10 code [0x0000016349ca9000, 0x0000016349ca9718]
Event: 35.032 Thread 0x0000016364ba9640 3494       3       com.google.common.collect.ImmutableMap::entryOf (10 bytes)
Event: 35.032 Thread 0x0000016364ba9640 nmethod 3494 0x0000016349ca9990 code [0x0000016349ca9b60, 0x0000016349ca9f28]
Event: 35.032 Thread 0x0000016364ba9640 3496       1       com.google.common.collect.SingletonImmutableBiMap::size (2 bytes)
Event: 35.032 Thread 0x0000016364ba9640 nmethod 3496 0x00000163512a8a90 code [0x00000163512a8c20, 0x00000163512a8cf8]
Event: 35.036 Thread 0x0000016364ba8ba0 3497       4       jdk.internal.org.objectweb.asm.ByteVector::put122 (93 bytes)
Event: 35.037 Thread 0x0000016364ba9640 3498       3       org.openqa.selenium.json.JsonOutput::asString (40 bytes)
Event: 35.038 Thread 0x0000016364ba9640 nmethod 3498 0x0000016349caa090 code [0x0000016349caa320, 0x0000016349caaef8]
Event: 35.038 Thread 0x0000016364ba9640 3499       3       org.openqa.selenium.json.JsonOutput$$Lambda$466/0x00000008003164e8::<init> (10 bytes)
Event: 35.038 Thread 0x0000016364ba9640 nmethod 3499 0x0000016349cab310 code [0x0000016349cab4a0, 0x0000016349cab658]
Event: 35.039 Thread 0x0000016364ba8ba0 nmethod 3497 0x00000163512a8d90 code [0x00000163512a8f20, 0x00000163512a94d8]

GC Heap History (12 events):
Event: 1.004 GC heap before
{Heap before GC invocations=0 (full 0):
 garbage-first heap   total 262144K, used 22528K [0x0000000701e00000, 0x0000000800000000)
  region size 2048K, 11 young (22528K), 0 survivors (0K)
 Metaspace       used 11956K, committed 12160K, reserved 1114112K
  class space    used 1172K, committed 1280K, reserved 1048576K
}
Event: 1.018 GC heap after
{Heap after GC invocations=1 (full 0):
 garbage-first heap   total 262144K, used 9440K [0x0000000701e00000, 0x0000000800000000)
  region size 2048K, 2 young (4096K), 2 survivors (4096K)
 Metaspace       used 11956K, committed 12160K, reserved 1114112K
  class space    used 1172K, committed 1280K, reserved 1048576K
}
Event: 1.514 GC heap before
{Heap before GC invocations=1 (full 0):
 garbage-first heap   total 262144K, used 21728K [0x0000000701e00000, 0x0000000800000000)
  region size 2048K, 9 young (18432K), 2 survivors (4096K)
 Metaspace       used 14239K, committed 14464K, reserved 1114112K
  class space    used 1439K, committed 1536K, reserved 1048576K
}
Event: 1.518 GC heap after
{Heap after GC invocations=2 (full 0):
 garbage-first heap   total 262144K, used 12825K [0x0000000701e00000, 0x0000000800000000)
  region size 2048K, 2 young (4096K), 2 survivors (4096K)
 Metaspace       used 14239K, committed 14464K, reserved 1114112K
  class space    used 1439K, committed 1536K, reserved 1048576K
}
Event: 2.605 GC heap before
{Heap before GC invocations=2 (full 0):
 garbage-first heap   total 262144K, used 49689K [0x0000000701e00000, 0x0000000800000000)
  region size 2048K, 20 young (40960K), 2 survivors (4096K)
 Metaspace       used 21274K, committed 21504K, reserved 1114112K
  class space    used 2261K, committed 2368K, reserved 1048576K
}
Event: 2.620 GC heap after
{Heap after GC invocations=3 (full 0):
 garbage-first heap   total 262144K, used 15149K [0x0000000701e00000, 0x0000000800000000)
  region size 2048K, 3 young (6144K), 3 survivors (6144K)
 Metaspace       used 21274K, committed 21504K, reserved 1114112K
  class space    used 2261K, committed 2368K, reserved 1048576K
}
Event: 2.621 GC heap before
{Heap before GC invocations=3 (full 0):
 garbage-first heap   total 262144K, used 15149K [0x0000000701e00000, 0x0000000800000000)
  region size 2048K, 4 young (8192K), 3 survivors (6144K)
 Metaspace       used 21286K, committed 21504K, reserved 1114112K
  class space    used 2261K, committed 2368K, reserved 1048576K
}
Event: 2.628 GC heap after
{Heap after GC invocations=4 (full 0):
 garbage-first heap   total 262144K, used 15445K [0x0000000701e00000, 0x0000000800000000)
  region size 2048K, 3 young (6144K), 3 survivors (6144K)
 Metaspace       used 21286K, committed 21504K, reserved 1114112K
  class space    used 2261K, committed 2368K, reserved 1048576K
}
Event: 3.350 GC heap before
{Heap before GC invocations=5 (full 0):
 garbage-first heap   total 61440K, used 42069K [0x0000000701e00000, 0x0000000800000000)
  region size 2048K, 17 young (34816K), 3 survivors (6144K)
 Metaspace       used 29072K, committed 29312K, reserved 1114112K
  class space    used 3274K, committed 3392K, reserved 1048576K
}
Event: 3.373 GC heap after
{Heap after GC invocations=6 (full 0):
 garbage-first heap   total 61440K, used 17282K [0x0000000701e00000, 0x0000000800000000)
  region size 2048K, 4 young (8192K), 4 survivors (8192K)
 Metaspace       used 29072K, committed 29312K, reserved 1114112K
  class space    used 3274K, committed 3392K, reserved 1048576K
}
Event: 3.471 GC heap before
{Heap before GC invocations=6 (full 0):
 garbage-first heap   total 61440K, used 19330K [0x0000000701e00000, 0x0000000800000000)
  region size 2048K, 5 young (10240K), 4 survivors (8192K)
 Metaspace       used 29567K, committed 29888K, reserved 1114112K
  class space    used 3334K, committed 3456K, reserved 1048576K
}
Event: 3.494 GC heap after
{Heap after GC invocations=7 (full 0):
 garbage-first heap   total 161792K, used 17879K [0x0000000701e00000, 0x0000000800000000)
  region size 2048K, 1 young (2048K), 1 survivors (2048K)
 Metaspace       used 29567K, committed 29888K, reserved 1114112K
  class space    used 3334K, committed 3456K, reserved 1048576K
}

Dll operation events (9 events):
Event: 0.008 Loaded shared library C:\Users\dell\Desktop\Eclipse\eclipse-java-2023-03-R-win32-x86_64\eclipse\plugins\org.eclipse.justj.openjdk.hotspot.jre.full.win32.x86_64_17.0.7.v20230425-1502\jre\bin\java.dll
Event: 0.245 Loaded shared library C:\Users\dell\Desktop\Eclipse\eclipse-java-2023-03-R-win32-x86_64\eclipse\plugins\org.eclipse.justj.openjdk.hotspot.jre.full.win32.x86_64_17.0.7.v20230425-1502\jre\bin\net.dll
Event: 0.247 Loaded shared library C:\Users\dell\Desktop\Eclipse\eclipse-java-2023-03-R-win32-x86_64\eclipse\plugins\org.eclipse.justj.openjdk.hotspot.jre.full.win32.x86_64_17.0.7.v20230425-1502\jre\bin\nio.dll
Event: 0.254 Loaded shared library C:\Users\dell\Desktop\Eclipse\eclipse-java-2023-03-R-win32-x86_64\eclipse\plugins\org.eclipse.justj.openjdk.hotspot.jre.full.win32.x86_64_17.0.7.v20230425-1502\jre\bin\zip.dll
Event: 0.363 Loaded shared library C:\Users\dell\Desktop\Eclipse\eclipse-java-2023-03-R-win32-x86_64\eclipse\plugins\org.eclipse.justj.openjdk.hotspot.jre.full.win32.x86_64_17.0.7.v20230425-1502\jre\bin\jimage.dll
Event: 2.125 Loaded shared library C:\Users\dell\Desktop\Eclipse\eclipse-java-2023-03-R-win32-x86_64\eclipse\plugins\org.eclipse.justj.openjdk.hotspot.jre.full.win32.x86_64_17.0.7.v20230425-1502\jre\bin\verify.dll
Event: 2.795 Loaded shared library C:\Users\dell\Desktop\Eclipse\eclipse-java-2023-03-R-win32-x86_64\eclipse\plugins\org.eclipse.justj.openjdk.hotspot.jre.full.win32.x86_64_17.0.7.v20230425-1502\jre\bin\management.dll
Event: 2.798 Loaded shared library C:\Users\dell\Desktop\Eclipse\eclipse-java-2023-03-R-win32-x86_64\eclipse\plugins\org.eclipse.justj.openjdk.hotspot.jre.full.win32.x86_64_17.0.7.v20230425-1502\jre\bin\management_ext.dll
Event: 2.881 Loaded shared library C:\Users\dell\Desktop\Eclipse\eclipse-java-2023-03-R-win32-x86_64\eclipse\plugins\org.eclipse.justj.openjdk.hotspot.jre.full.win32.x86_64_17.0.7.v20230425-1502\jre\bin\sunmscapi.dll

Deoptimization events (20 events):
Event: 8.001 Thread 0x0000016345f85fd0 DEOPT PACKING pc=0x000001635119ef3c sp=0x0000003d4fefbf60
Event: 8.001 Thread 0x0000016345f85fd0 DEOPT UNPACKING pc=0x0000016350bb69a3 sp=0x0000003d4fefbed0 mode 2
Event: 11.484 Thread 0x0000016345f85fd0 DEOPT PACKING pc=0x0000016349ba7133 sp=0x0000003d4fefc910
Event: 11.484 Thread 0x0000016345f85fd0 DEOPT UNPACKING pc=0x0000016350bb7143 sp=0x0000003d4fefbdc0 mode 0
Event: 26.696 Thread 0x0000016345f85fd0 DEOPT PACKING pc=0x000001634990e83e sp=0x0000003d4fefda60
Event: 26.696 Thread 0x0000016345f85fd0 DEOPT UNPACKING pc=0x0000016350bb7143 sp=0x0000003d4fefceb8 mode 0
Event: 26.704 Thread 0x0000016345f85fd0 DEOPT PACKING pc=0x000001634990e83e sp=0x0000003d4fefdbc0
Event: 26.704 Thread 0x0000016345f85fd0 DEOPT UNPACKING pc=0x0000016350bb7143 sp=0x0000003d4fefd018 mode 0
Event: 26.707 Thread 0x0000016345f85fd0 DEOPT PACKING pc=0x000001634990e916 sp=0x0000003d4fefdb10
Event: 26.707 Thread 0x0000016345f85fd0 DEOPT UNPACKING pc=0x0000016350bb7143 sp=0x0000003d4fefcf68 mode 0
Event: 26.711 Thread 0x0000016345f85fd0 DEOPT PACKING pc=0x00000163496ad8bd sp=0x0000003d4fefdc90
Event: 26.711 Thread 0x0000016345f85fd0 DEOPT UNPACKING pc=0x0000016350bb7143 sp=0x0000003d4fefd118 mode 0
Event: 26.711 Thread 0x0000016345f85fd0 DEOPT PACKING pc=0x000001634990e916 sp=0x0000003d4fefda40
Event: 26.711 Thread 0x0000016345f85fd0 DEOPT UNPACKING pc=0x0000016350bb7143 sp=0x0000003d4fefce98 mode 0
Event: 26.715 Thread 0x0000016345f85fd0 DEOPT PACKING pc=0x000001634990e916 sp=0x0000003d4fefdbb0
Event: 26.715 Thread 0x0000016345f85fd0 DEOPT UNPACKING pc=0x0000016350bb7143 sp=0x0000003d4fefd008 mode 0
Event: 26.719 Thread 0x0000016345f85fd0 DEOPT PACKING pc=0x000001634990e916 sp=0x0000003d4fefdb20
Event: 26.719 Thread 0x0000016345f85fd0 DEOPT UNPACKING pc=0x0000016350bb7143 sp=0x0000003d4fefcf78 mode 0
Event: 26.722 Thread 0x0000016345f85fd0 DEOPT PACKING pc=0x000001634990e83e sp=0x0000003d4fefdbb0
Event: 26.722 Thread 0x0000016345f85fd0 DEOPT UNPACKING pc=0x0000016350bb7143 sp=0x0000003d4fefd008 mode 0

Classes unloaded (0 events):
No events

Classes redefined (0 events):
No events

Internal exceptions (20 events):
Event: 2.680 Thread 0x0000016345f85fd0 Exception <a 'java/lang/NoSuchMethodError'{0x0000000711d7af98}: 'java.lang.Object java.lang.invoke.Invokers$Holder.invokeExact_MT(java.lang.Object, java.lang.Object, java.lang.Object, java.lang.Object)'> (0x0000000711d7af98) 
thrown [s\src\hotspot\share\interpreter\linkResolver.cpp, line 759]
Event: 2.681 Thread 0x0000016345f85fd0 Exception <a 'java/lang/NoSuchMethodError'{0x0000000711d7ed30}: 'java.lang.Object java.lang.invoke.Invokers$Holder.invokeExact_MT(java.lang.Object, java.lang.Object, java.lang.Object)'> (0x0000000711d7ed30) 
thrown [s\src\hotspot\share\interpreter\linkResolver.cpp, line 759]
Event: 2.684 Thread 0x0000016345f85fd0 Exception <a 'java/lang/NoSuchMethodError'{0x0000000711d89e90}: 'java.lang.Object java.lang.invoke.DirectMethodHandle$Holder.newInvokeSpecial(java.lang.Object, int, java.lang.Object)'> (0x0000000711d89e90) 
thrown [s\src\hotspot\share\interpreter\linkResolver.cpp, line 759]
Event: 2.691 Thread 0x0000016345f85fd0 Exception <a 'java/lang/IncompatibleClassChangeError'{0x0000000711daf4c0}: Found class java.lang.Object, but interface was expected> (0x0000000711daf4c0) 
thrown [s\src\hotspot\share\interpreter\linkResolver.cpp, line 826]
Event: 3.046 Thread 0x0000016345f85fd0 Exception <a 'java/lang/NoSuchMethodError'{0x0000000704272068}: 'java.lang.Object java.lang.invoke.DirectMethodHandle$Holder.invokeInterface(java.lang.Object, java.lang.Object, java.lang.Object, java.lang.Object)'> (0x0000000704272068) 
thrown [s\src\hotspot\share\interpreter\linkResolver.cpp, line 759]
Event: 3.048 Thread 0x0000016345f85fd0 Exception <a 'java/lang/NoSuchMethodError'{0x000000070427e8d0}: 'void java.lang.invoke.DirectMethodHandle$Holder.invokeInterface(java.lang.Object, java.lang.Object, java.lang.Object)'> (0x000000070427e8d0) 
thrown [s\src\hotspot\share\interpreter\linkResolver.cpp, line 759]
Event: 3.050 Thread 0x0000016345f85fd0 Exception <a 'java/lang/IncompatibleClassChangeError'{0x00000007042927f0}: Found class java.lang.Object, but interface was expected> (0x00000007042927f0) 
thrown [s\src\hotspot\share\interpreter\linkResolver.cpp, line 826]
Event: 3.051 Thread 0x0000016345f85fd0 Exception <a 'java/lang/NoSuchMethodError'{0x000000070429b128}: 'int java.lang.invoke.DirectMethodHandle$Holder.invokeSpecialIFC(java.lang.Object, java.lang.Object, java.lang.Object, java.lang.Object)'> (0x000000070429b128) 
thrown [s\src\hotspot\share\interpreter\linkResolver.cpp, line 759]
Event: 3.090 Thread 0x000001636a122260 Exception <a 'java/lang/NoSuchMethodError'{0x0000000704010ea0}: 'void java.lang.invoke.DirectMethodHandle$Holder.invokeStatic(java.lang.Object, long)'> (0x0000000704010ea0) 
thrown [s\src\hotspot\share\interpreter\linkResolver.cpp, line 759]
Event: 3.090 Thread 0x000001636a122260 Exception <a 'java/lang/NoSuchMethodError'{0x0000000704016248}: 'java.lang.Object java.lang.invoke.DirectMethodHandle$Holder.newInvokeSpecial(java.lang.Object, long)'> (0x0000000704016248) 
thrown [s\src\hotspot\share\interpreter\linkResolver.cpp, line 759]
Event: 3.100 Thread 0x000001636a122260 Exception <a 'java/lang/NoSuchMethodError'{0x00000007040203c0}: 'java.lang.Object java.lang.invoke.DirectMethodHandle$Holder.invokeStaticInit(java.lang.Object, java.lang.Object, long, java.lang.Object)'> (0x00000007040203c0) 
thrown [s\src\hotspot\share\interpreter\linkResolver.cpp, line 759]
Event: 3.102 Thread 0x000001636a122260 Exception <a 'java/lang/NoSuchMethodError'{0x0000000704026448}: 'java.lang.Object java.lang.invoke.DirectMethodHandle$Holder.newInvokeSpecial(java.lang.Object, java.lang.Object, long)'> (0x0000000704026448) 
thrown [s\src\hotspot\share\interpreter\linkResolver.cpp, line 759]
Event: 3.102 Thread 0x000001636a122260 Exception <a 'java/lang/NoSuchMethodError'{0x0000000704029fb8}: 'java.lang.Object java.lang.invoke.Invokers$Holder.linkToTargetMethod(java.lang.Object, long, java.lang.Object)'> (0x0000000704029fb8) 
thrown [s\src\hotspot\share\interpreter\linkResolver.cpp, line 759]
Event: 3.167 Thread 0x0000016345f85fd0 Exception <a 'java/lang/NoSuchMethodError'{0x0000000703c69460}: 'double java.lang.invoke.DirectMethodHandle$Holder.invokeVirtual(java.lang.Object, java.lang.Object)'> (0x0000000703c69460) 
thrown [s\src\hotspot\share\interpreter\linkResolver.cpp, line 759]
Event: 3.168 Thread 0x0000016345f85fd0 Exception <a 'java/lang/NoSuchMethodError'{0x0000000703c6fcc0}: 'float java.lang.invoke.DirectMethodHandle$Holder.invokeVirtual(java.lang.Object, java.lang.Object)'> (0x0000000703c6fcc0) 
thrown [s\src\hotspot\share\interpreter\linkResolver.cpp, line 759]
Event: 3.168 Thread 0x0000016345f85fd0 Exception <a 'java/lang/NoSuchMethodError'{0x0000000703c78f48}: 'long java.lang.invoke.DirectMethodHandle$Holder.invokeVirtual(java.lang.Object, java.lang.Object)'> (0x0000000703c78f48) 
thrown [s\src\hotspot\share\interpreter\linkResolver.cpp, line 759]
Event: 3.188 Thread 0x0000016345f85fd0 Exception <a 'java/lang/NoSuchMethodError'{0x0000000703dc76f8}: 'void java.lang.invoke.DirectMethodHandle$Holder.invokeStatic(java.lang.Object, java.lang.Object, int)'> (0x0000000703dc76f8) 
thrown [s\src\hotspot\share\interpreter\linkResolver.cpp, line 759]
Event: 3.250 Thread 0x0000016345f85fd0 Exception <a 'java/lang/NoSuchMethodError'{0x000000070380ce38}: 'int java.lang.invoke.DirectMethodHandle$Holder.invokeSpecialIFC(java.lang.Object, java.lang.Object, java.lang.Object)'> (0x000000070380ce38) 
thrown [s\src\hotspot\share\interpreter\linkResolver.cpp, line 759]
Event: 4.300 Thread 0x0000016345f85fd0 Exception <a 'java/lang/NoSuchMethodError'{0x000000070b027988}: 'java.lang.Object java.lang.invoke.DirectMethodHandle$Holder.invokeSpecialIFC(java.lang.Object, java.lang.Object, java.lang.Object)'> (0x000000070b027988) 
thrown [s\src\hotspot\share\interpreter\linkResolver.cpp, line 759]
Event: 6.900 Thread 0x0000016345f85fd0 Exception <a 'java/lang/ClassNotFoundException'{0x000000070aa1b828}: sun/misc/SharedSecrets> (0x000000070aa1b828) 
thrown [s\src\hotspot\share\classfile\systemDictionary.cpp, line 256]

VM Operations (20 events):
Event: 12.576 Executing VM operation: Cleanup
Event: 12.576 Executing VM operation: Cleanup done
Event: 13.590 Executing VM operation: Cleanup
Event: 13.590 Executing VM operation: Cleanup done
Event: 23.667 Executing VM operation: Cleanup
Event: 23.667 Executing VM operation: Cleanup done
Event: 27.700 Executing VM operation: Cleanup
Event: 27.700 Executing VM operation: Cleanup done
Event: 28.701 Executing VM operation: Cleanup
Event: 28.701 Executing VM operation: Cleanup done
Event: 29.715 Executing VM operation: Cleanup
Event: 29.715 Executing VM operation: Cleanup done
Event: 30.730 Executing VM operation: Cleanup
Event: 30.730 Executing VM operation: Cleanup done
Event: 31.731 Executing VM operation: Cleanup
Event: 31.731 Executing VM operation: Cleanup done
Event: 32.734 Executing VM operation: Cleanup
Event: 32.734 Executing VM operation: Cleanup done
Event: 34.749 Executing VM operation: Cleanup
Event: 34.749 Executing VM operation: Cleanup done

Events (20 events):
Event: 4.420 loading class java/util/stream/ReferencePipeline$4$1 done
Event: 6.876 loading class java/time/Instant$1
Event: 6.876 loading class java/time/Instant$1 done
Event: 6.898 loading class java/util/stream/SortedOps$RefSortingSink
Event: 6.898 loading class java/util/stream/SortedOps$RefSortingSink done
Event: 6.900 loading class sun/misc/SharedSecrets
Event: 6.900 loading class sun/misc/SharedSecrets done
Event: 6.900 loading class java/util/TreeMap$EntrySpliterator
Event: 6.900 loading class java/util/TreeMap$EntrySpliterator done
Event: 8.010 Thread 0x000001636b19f820 Thread added: 0x000001636b19f820
Event: 8.029 loading class java/net/URLEncoder
Event: 8.029 loading class java/net/URLEncoder done
Event: 8.029 loading class java/io/CharArrayWriter
Event: 8.029 loading class java/io/CharArrayWriter done
Event: 8.170 Thread 0x000001636a123f40 Thread exited: 0x000001636a123f40
Event: 8.316 Thread 0x000001636b19f820 Thread exited: 0x000001636b19f820
Event: 26.703 Thread 0x000001636ae44b80 Thread added: 0x000001636ae44b80
Event: 26.710 Thread 0x000001636c8eb050 Thread added: 0x000001636c8eb050
Event: 27.294 Thread 0x000001636c8eb050 Thread exited: 0x000001636c8eb050
Event: 27.294 Thread 0x000001636ae44b80 Thread exited: 0x000001636ae44b80


Dynamic libraries:
0x00007ff64cda0000 - 0x00007ff64cdae000 	C:\Users\dell\Desktop\Eclipse\eclipse-java-2023-03-R-win32-x86_64\eclipse\plugins\org.eclipse.justj.openjdk.hotspot.jre.full.win32.x86_64_17.0.7.v20230425-1502\jre\bin\javaw.exe
0x00007ffb57870000 - 0x00007ffb57a68000 	C:\Windows\SYSTEM32\ntdll.dll
0x00007ffb55b50000 - 0x00007ffb55c0f000 	C:\Windows\System32\KERNEL32.DLL
0x00007ffb55350000 - 0x00007ffb55646000 	C:\Windows\System32\KERNELBASE.dll
0x00007ffb55250000 - 0x00007ffb55350000 	C:\Windows\System32\ucrtbase.dll
0x00007ffb4f710000 - 0x00007ffb4f727000 	C:\Users\dell\Desktop\Eclipse\eclipse-java-2023-03-R-win32-x86_64\eclipse\plugins\org.eclipse.justj.openjdk.hotspot.jre.full.win32.x86_64_17.0.7.v20230425-1502\jre\bin\jli.dll
0x00007ffb3b090000 - 0x00007ffb3b0a9000 	C:\Users\dell\Desktop\Eclipse\eclipse-java-2023-03-R-win32-x86_64\eclipse\plugins\org.eclipse.justj.openjdk.hotspot.jre.full.win32.x86_64_17.0.7.v20230425-1502\jre\bin\VCRUNTIME140.dll
0x00007ffb56f60000 - 0x00007ffb570fd000 	C:\Windows\System32\USER32.dll
0x00007ffb3ce10000 - 0x00007ffb3d0aa000 	C:\Windows\WinSxS\amd64_microsoft.windows.common-controls_6595b64144ccf1df_6.0.19041.1110_none_60b5254171f9507e\COMCTL32.dll
0x00007ffb54f50000 - 0x00007ffb54f72000 	C:\Windows\System32\win32u.dll
0x00007ffb55a10000 - 0x00007ffb55a3c000 	C:\Windows\System32\GDI32.dll
0x00007ffb55dc0000 - 0x00007ffb55e5e000 	C:\Windows\System32\msvcrt.dll
0x00007ffb550e0000 - 0x00007ffb551f5000 	C:\Windows\System32\gdi32full.dll
0x00007ffb55680000 - 0x00007ffb5571d000 	C:\Windows\System32\msvcp_win.dll
0x00007ffb569f0000 - 0x00007ffb56a20000 	C:\Windows\System32\IMM32.DLL
0x00007ffb4f820000 - 0x00007ffb4f82c000 	C:\Users\dell\Desktop\Eclipse\eclipse-java-2023-03-R-win32-x86_64\eclipse\plugins\org.eclipse.justj.openjdk.hotspot.jre.full.win32.x86_64_17.0.7.v20230425-1502\jre\bin\vcruntime140_1.dll
0x00007ffb2bdc0000 - 0x00007ffb2be51000 	C:\Users\dell\Desktop\Eclipse\eclipse-java-2023-03-R-win32-x86_64\eclipse\plugins\org.eclipse.justj.openjdk.hotspot.jre.full.win32.x86_64_17.0.7.v20230425-1502\jre\bin\msvcp140.dll
0x00007ffaeeac0000 - 0x00007ffaef708000 	C:\Users\dell\Desktop\Eclipse\eclipse-java-2023-03-R-win32-x86_64\eclipse\plugins\org.eclipse.justj.openjdk.hotspot.jre.full.win32.x86_64_17.0.7.v20230425-1502\jre\bin\server\jvm.dll
0x00007ffb567f0000 - 0x00007ffb5689f000 	C:\Windows\System32\ADVAPI32.dll
0x00007ffb558f0000 - 0x00007ffb5598c000 	C:\Windows\System32\sechost.dll
0x00007ffb56e30000 - 0x00007ffb56f56000 	C:\Windows\System32\RPCRT4.dll
0x00007ffb40050000 - 0x00007ffb40059000 	C:\Windows\SYSTEM32\WSOCK32.dll
0x00007ffb39150000 - 0x00007ffb39177000 	C:\Windows\SYSTEM32\WINMM.dll
0x00007ffb56980000 - 0x00007ffb569eb000 	C:\Windows\System32\WS2_32.dll
0x00007ffb4bb40000 - 0x00007ffb4bb4a000 	C:\Windows\SYSTEM32\VERSION.dll
0x00007ffb53750000 - 0x00007ffb53762000 	C:\Windows\SYSTEM32\kernel.appcore.dll
0x00007ffb4f6f0000 - 0x00007ffb4f6fa000 	C:\Users\dell\Desktop\Eclipse\eclipse-java-2023-03-R-win32-x86_64\eclipse\plugins\org.eclipse.justj.openjdk.hotspot.jre.full.win32.x86_64_17.0.7.v20230425-1502\jre\bin\jimage.dll
0x00007ffb524f0000 - 0x00007ffb526d4000 	C:\Windows\SYSTEM32\DBGHELP.DLL
0x00007ffb4a310000 - 0x00007ffb4a344000 	C:\Windows\SYSTEM32\dbgcore.DLL
0x00007ffb55790000 - 0x00007ffb55812000 	C:\Windows\System32\bcryptPrimitives.dll
0x00007ffb49e20000 - 0x00007ffb49e45000 	C:\Users\dell\Desktop\Eclipse\eclipse-java-2023-03-R-win32-x86_64\eclipse\plugins\org.eclipse.justj.openjdk.hotspot.jre.full.win32.x86_64_17.0.7.v20230425-1502\jre\bin\java.dll
0x00007ffb3fed0000 - 0x00007ffb3fee8000 	C:\Users\dell\Desktop\Eclipse\eclipse-java-2023-03-R-win32-x86_64\eclipse\plugins\org.eclipse.justj.openjdk.hotspot.jre.full.win32.x86_64_17.0.7.v20230425-1502\jre\bin\zip.dll
0x00007ffb560a0000 - 0x00007ffb567e4000 	C:\Windows\System32\SHELL32.dll
0x00007ffb52fa0000 - 0x00007ffb53734000 	C:\Windows\SYSTEM32\windows.storage.dll
0x00007ffb56ad0000 - 0x00007ffb56e24000 	C:\Windows\System32\combase.dll
0x00007ffb547e0000 - 0x00007ffb5480e000 	C:\Windows\SYSTEM32\Wldp.dll
0x00007ffb55ff0000 - 0x00007ffb5609d000 	C:\Windows\System32\SHCORE.dll
0x00007ffb55af0000 - 0x00007ffb55b45000 	C:\Windows\System32\shlwapi.dll
0x00007ffb54e80000 - 0x00007ffb54ea5000 	C:\Windows\SYSTEM32\profapi.dll
0x00007ffb3cd90000 - 0x00007ffb3cda9000 	C:\Users\dell\Desktop\Eclipse\eclipse-java-2023-03-R-win32-x86_64\eclipse\plugins\org.eclipse.justj.openjdk.hotspot.jre.full.win32.x86_64_17.0.7.v20230425-1502\jre\bin\net.dll
0x00007ffb4aaf0000 - 0x00007ffb4abfa000 	C:\Windows\SYSTEM32\WINHTTP.dll
0x00007ffb545c0000 - 0x00007ffb5462a000 	C:\Windows\system32\mswsock.dll
0x00007ffb3ccc0000 - 0x00007ffb3ccd5000 	C:\Users\dell\Desktop\Eclipse\eclipse-java-2023-03-R-win32-x86_64\eclipse\plugins\org.eclipse.justj.openjdk.hotspot.jre.full.win32.x86_64_17.0.7.v20230425-1502\jre\bin\nio.dll
0x00007ffb54820000 - 0x00007ffb54838000 	C:\Windows\SYSTEM32\CRYPTSP.dll
0x00007ffb53f00000 - 0x00007ffb53f34000 	C:\Windows\system32\rsaenh.dll
0x00007ffb55650000 - 0x00007ffb55677000 	C:\Windows\System32\bcrypt.dll
0x00007ffb54e40000 - 0x00007ffb54e6e000 	C:\Windows\SYSTEM32\USERENV.dll
0x00007ffb54750000 - 0x00007ffb5475c000 	C:\Windows\SYSTEM32\CRYPTBASE.dll
0x00007ffb542d0000 - 0x00007ffb5430c000 	C:\Windows\SYSTEM32\IPHLPAPI.DLL
0x00007ffb55a40000 - 0x00007ffb55a48000 	C:\Windows\System32\NSI.dll
0x00007ffb4ac90000 - 0x00007ffb4aca7000 	C:\Windows\SYSTEM32\dhcpcsvc6.DLL
0x00007ffb4ac40000 - 0x00007ffb4ac5d000 	C:\Windows\SYSTEM32\dhcpcsvc.DLL
0x00007ffb54310000 - 0x00007ffb543da000 	C:\Windows\SYSTEM32\DNSAPI.dll
0x00007ffb4f630000 - 0x00007ffb4f640000 	C:\Users\dell\Desktop\Eclipse\eclipse-java-2023-03-R-win32-x86_64\eclipse\plugins\org.eclipse.justj.openjdk.hotspot.jre.full.win32.x86_64_17.0.7.v20230425-1502\jre\bin\verify.dll
0x00007ffb47bb0000 - 0x00007ffb47bba000 	C:\Windows\System32\rasadhlp.dll
0x00007ffb45090000 - 0x00007ffb45112000 	C:\Windows\System32\fwpuclnt.dll
0x00007ffb4b290000 - 0x00007ffb4b299000 	C:\Users\dell\Desktop\Eclipse\eclipse-java-2023-03-R-win32-x86_64\eclipse\plugins\org.eclipse.justj.openjdk.hotspot.jre.full.win32.x86_64_17.0.7.v20230425-1502\jre\bin\management.dll
0x00007ffb4aa30000 - 0x00007ffb4aa3b000 	C:\Users\dell\Desktop\Eclipse\eclipse-java-2023-03-R-win32-x86_64\eclipse\plugins\org.eclipse.justj.openjdk.hotspot.jre.full.win32.x86_64_17.0.7.v20230425-1502\jre\bin\management_ext.dll
0x00007ffb55ae0000 - 0x00007ffb55ae8000 	C:\Windows\System32\PSAPI.DLL
0x00007ffb4b2e0000 - 0x00007ffb4b2ee000 	C:\Users\dell\Desktop\Eclipse\eclipse-java-2023-03-R-win32-x86_64\eclipse\plugins\org.eclipse.justj.openjdk.hotspot.jre.full.win32.x86_64_17.0.7.v20230425-1502\jre\bin\sunmscapi.dll
0x00007ffb54f80000 - 0x00007ffb550de000 	C:\Windows\System32\CRYPT32.dll
0x00007ffb54990000 - 0x00007ffb549b8000 	C:\Windows\SYSTEM32\ncrypt.dll
0x00007ffb54950000 - 0x00007ffb5498b000 	C:\Windows\SYSTEM32\NTASN1.dll
0x00007ffb3c2d0000 - 0x00007ffb3c2d7000 	C:\Windows\system32\wshunix.dll

dbghelp: loaded successfully - version: 4.0.5 - missing functions: none
symbol engine: initialized successfully - sym options: 0x614 - pdb path: .;C:\Users\dell\Desktop\Eclipse\eclipse-java-2023-03-R-win32-x86_64\eclipse\plugins\org.eclipse.justj.openjdk.hotspot.jre.full.win32.x86_64_17.0.7.v20230425-1502\jre\bin;C:\Windows\SYSTEM32;C:\Windows\WinSxS\amd64_microsoft.windows.common-controls_6595b64144ccf1df_6.0.19041.1110_none_60b5254171f9507e;C:\Users\dell\Desktop\Eclipse\eclipse-java-2023-03-R-win32-x86_64\eclipse\plugins\org.eclipse.justj.openjdk.hotspot.jre.full.win32.x86_64_17.0.7.v20230425-1502\jre\bin\server

VM Arguments:
jvm_args: -Dfile.encoding=UTF-8 -XX:+ShowCodeDetailsInExceptionMessages 
java_command: cucumber.api.cli.Main C:/Users/dell/eclipse-workspace1/Armorcode/src/test/resource/Feature/Findingscreen.feature --glue classpath: --plugin pretty --monochrome
java_class_path (initial): C:\Users\dell\eclipse-workspace1\Armorcode\target\classes;C:\Users\dell\eclipse-workspace1\Armorcode\target\test-classes;C:\Users\dell\.m2\repository\tech\grasshopper\extentreports-cucumber7-adapter\1.13.0\extentreports-cucumber7-adapter-1.13.0.jar;C:\Users\dell\.m2\repository\com\aventstack\klov-reporter\5.0.9\klov-reporter-5.0.9.jar;C:\Users\dell\.m2\repository\org\mongodb\mongodb-driver\3.6.4\mongodb-driver-3.6.4.jar;C:\Users\dell\.m2\repository\org\mongodb\mongodb-driver-core\3.6.4\mongodb-driver-core-3.6.4.jar;C:\Users\dell\.m2\repository\org\mongodb\bson\3.6.4\bson-3.6.4.jar;C:\Users\dell\.m2\repository\org\apache\httpcomponents\httpclient\4.5.13\httpclient-4.5.13.jar;C:\Users\dell\.m2\repository\org\apache\httpcomponents\httpcore\4.4.13\httpcore-4.4.13.jar;C:\Users\dell\.m2\repository\commons-logging\commons-logging\1.2\commons-logging-1.2.jar;C:\Users\dell\.m2\repository\commons-codec\commons-codec\1.11\commons-codec-1.11.jar;C:\Users\dell\.m2\repository\org\apache\httpcomponents\httpmime\4.5.13\httpmime-4.5.13.jar;C:\Users\dell\.m2\repository\tech\grasshopper\htmlextentreporter\1.0.1\htmlextentreporter-1.0.1.jar;C:\Users\dell\.m2\repository\tech\grasshopper\extent-excel-report\1.3.0\extent-excel-report-1.3.0.jar;C:\Users\dell\.m2\repository\org\apache\poi\poi\5.2.3\poi-5.2.3.jar;C:\Users\dell\.m2\repository\org\apache\commons\commons-math3\3.6.1\commons-math3-3.6.1.jar;C:\Users\dell\.m2\repository\com\zaxxer\SparseBitSet\1.2\SparseBitSet-1.2.jar;C:\Users\dell\.m2\repository\org\apache\logging\log4j\log4j-api\2.18.0\log4j-api-2.18.0.jar;C:\Users\dell\.m2\repository\org\apache\poi\poi-ooxml\5.2.3\poi-ooxml-5.2.3.jar;C:\Users\dell\.m2\repository\org\apache\poi\poi-ooxml-lite\5.2.3\poi-ooxml-lite-5.2.3.jar;C:\Users\dell\.m2\repository\org\apache\xmlbeans\xmlbeans\5.1.1\xmlbeans-5.1.1.jar;C:\Users\dell\.m2\repository\org\apache\commons\commons-compress\1.21\commons-compress-1.21.jar;C:\Users\dell\.m2\repository\com\github\virtuald\cu
Launcher Type: SUN_STANDARD

[Global flags]
     intx CICompilerCount                          = 4                                         {product} {ergonomic}
     uint ConcGCThreads                            = 2                                         {product} {ergonomic}
     uint G1ConcRefinementThreads                  = 8                                         {product} {ergonomic}
   size_t G1HeapRegionSize                         = 2097152                                   {product} {ergonomic}
    uintx GCDrainStackTargetSize                   = 64                                        {product} {ergonomic}
   size_t InitialHeapSize                          = 268435456                                 {product} {ergonomic}
   size_t MarkStackSize                            = 4194304                                   {product} {ergonomic}
   size_t MaxHeapSize                              = 4263510016                                {product} {ergonomic}
   size_t MaxNewSize                               = 2556428288                                {product} {ergonomic}
   size_t MinHeapDeltaBytes                        = 2097152                                   {product} {ergonomic}
   size_t MinHeapSize                              = 8388608                                   {product} {ergonomic}
    uintx NonNMethodCodeHeapSize                   = 5839372                                {pd product} {ergonomic}
    uintx NonProfiledCodeHeapSize                  = 122909434                              {pd product} {ergonomic}
    uintx ProfiledCodeHeapSize                     = 122909434                              {pd product} {ergonomic}
    uintx ReservedCodeCacheSize                    = 251658240                              {pd product} {ergonomic}
     bool SegmentedCodeCache                       = true                                      {product} {ergonomic}
     bool ShowCodeDetailsInExceptionMessages       = true                                   {manageable} {command line}
   size_t SoftMaxHeapSize                          = 4263510016                             {manageable} {ergonomic}
     bool UseCompressedClassPointers               = true                           {product lp64_product} {ergonomic}
     bool UseCompressedOops                        = true                           {product lp64_product} {ergonomic}
     bool UseG1GC                                  = true                                      {product} {ergonomic}
     bool UseLargePagesIndividualAllocation        = false                                  {pd product} {ergonomic}

Logging:
Log output configuration:
 #0: stdout all=warning uptime,level,tags
 #1: stderr all=off uptime,level,tags

Environment Variables:
PATH=C:/Users/dell/Desktop/Eclipse/eclipse-java-2023-03-R-win32-x86_64/eclipse//plugins/org.eclipse.justj.openjdk.hotspot.jre.full.win32.x86_64_17.0.7.v20230425-1502/jre/bin/server;C:/Users/dell/Desktop/Eclipse/eclipse-java-2023-03-R-win32-x86_64/eclipse//plugins/org.eclipse.justj.openjdk.hotspot.jre.full.win32.x86_64_17.0.7.v20230425-1502/jre/bin;C:\Program Files (x86)\Common Files\Oracle\Java\javapath;C:\Windows\system32;C:\Windows;C:\Windows\System32\Wbem;C:\Windows\System32\WindowsPowerShell\v1.0\;C:\Windows\System32\OpenSSH\;C:\Program Files\Java\jdk1.8.0_361\bin;C:\Users\dell\Desktop\software\apache-maven\apache-maven-3.9.1\bin;C:\Program Files\MySQL\MySQL Shell 8.0\bin\;C:\Users\dell\AppData\Local\Microsoft\WindowsApps;;C:\Users\dell\Desktop\Eclipse\eclipse-java-2023-03-R-win32-x86_64\eclipse;
USERNAME=dell
OS=Windows_NT
PROCESSOR_IDENTIFIER=Intel64 Family 6 Model 142 Stepping 10, GenuineIntel
TMP=C:\Users\dell\AppData\Local\Temp
TEMP=C:\Users\dell\AppData\Local\Temp



---------------  S Y S T E M  ---------------

OS:
 Windows 10 , 64 bit Build 19041 (10.0.19041.3155)
OS uptime: 0 days 18:17 hours
Hyper-V role detected

CPU: total 8 (initial active 8) (4 cores per cpu, 2 threads per core) family 6 model 142 stepping 10 microcode 0xe0, cx8, cmov, fxsr, ht, mmx, 3dnowpref, sse, sse2, sse3, ssse3, sse4.1, sse4.2, popcnt, lzcnt, tsc, tscinvbit, avx, avx2, aes, erms, clmul, bmi1, bmi2, rtm, adx, fma, vzeroupper, clflush, clflushopt, hv

Memory: 4k page, system-wide physical 16262M (8690M free)
TotalPageFile size 18694M (AvailPageFile size 9412M)
current process WorkingSet (physical memory assigned to process): 189M, peak: 203M
current process commit charge ("private bytes"): 303M, peak: 414M

vm_info: OpenJDK 64-Bit Server VM (17.0.7+7) for windows-amd64 JRE (17.0.7+7), built on Apr 18 2023 22:10:42 by "temurin" with MS VC++ 16.7 (VS2019)

END.
